2024-10-25T13:16:58.543+05:00  INFO 5790 --- [jarovnya] [main] c.example.jarovnya.JarovnyaApplication   : Starting JarovnyaApplication using Java 21.0.4 with PID 5790 (/home/jehaierys/IdeaProjects/jarovnya/build/classes/java/main started by jehaierys in /home/jehaierys/IdeaProjects/jarovnya)
2024-10-25T13:16:58.552+05:00 DEBUG 5790 --- [jarovnya] [main] c.example.jarovnya.JarovnyaApplication   : Running with Spring Boot v3.3.4, Spring v6.1.13
2024-10-25T13:16:58.553+05:00  INFO 5790 --- [jarovnya] [main] c.example.jarovnya.JarovnyaApplication   : No active profile set, falling back to 1 default profile: "default"
2024-10-25T13:16:58.975+05:00  INFO 5790 --- [jarovnya] [main] .s.d.r.c.RepositoryConfigurationDelegate : Multiple Spring Data modules found, entering strict repository configuration mode
2024-10-25T13:16:58.976+05:00  INFO 5790 --- [jarovnya] [main] .s.d.r.c.RepositoryConfigurationDelegate : Bootstrapping Spring Data JPA repositories in DEFAULT mode.
2024-10-25T13:16:59.042+05:00  INFO 5790 --- [jarovnya] [main] .s.d.r.c.RepositoryConfigurationDelegate : Finished Spring Data repository scanning in 61 ms. Found 2 JPA repository interfaces.
2024-10-25T13:16:59.053+05:00  INFO 5790 --- [jarovnya] [main] .s.d.r.c.RepositoryConfigurationDelegate : Multiple Spring Data modules found, entering strict repository configuration mode
2024-10-25T13:16:59.055+05:00  INFO 5790 --- [jarovnya] [main] .s.d.r.c.RepositoryConfigurationDelegate : Bootstrapping Spring Data Redis repositories in DEFAULT mode.
2024-10-25T13:16:59.065+05:00  INFO 5790 --- [jarovnya] [main] .RepositoryConfigurationExtensionSupport : Spring Data Redis - Could not safely identify store assignment for repository candidate interface com.example.jarovnya.dish.DishRepo; If you want this repository to be a Redis repository, consider annotating your entities with one of these annotations: org.springframework.data.redis.core.RedisHash (preferred), or consider extending one of the following types with your repository: org.springframework.data.keyvalue.repository.KeyValueRepository
2024-10-25T13:16:59.066+05:00  INFO 5790 --- [jarovnya] [main] .RepositoryConfigurationExtensionSupport : Spring Data Redis - Could not safely identify store assignment for repository candidate interface com.example.jarovnya.transaction.TransRepo; If you want this repository to be a Redis repository, consider annotating your entities with one of these annotations: org.springframework.data.redis.core.RedisHash (preferred), or consider extending one of the following types with your repository: org.springframework.data.keyvalue.repository.KeyValueRepository
2024-10-25T13:16:59.066+05:00  INFO 5790 --- [jarovnya] [main] .s.d.r.c.RepositoryConfigurationDelegate : Finished Spring Data repository scanning in 4 ms. Found 0 Redis repository interfaces.
2024-10-25T13:16:59.420+05:00  INFO 5790 --- [jarovnya] [main] o.s.b.w.embedded.tomcat.TomcatWebServer  : Tomcat initialized with port 8080 (http)
2024-10-25T13:16:59.427+05:00  INFO 5790 --- [jarovnya] [main] o.apache.catalina.core.StandardService   : Starting service [Tomcat]
2024-10-25T13:16:59.427+05:00  INFO 5790 --- [jarovnya] [main] o.apache.catalina.core.StandardEngine    : Starting Servlet engine: [Apache Tomcat/10.1.30]
2024-10-25T13:16:59.457+05:00  INFO 5790 --- [jarovnya] [main] o.a.c.c.C.[Tomcat].[localhost].[/]       : Initializing Spring embedded WebApplicationContext
2024-10-25T13:16:59.457+05:00  INFO 5790 --- [jarovnya] [main] w.s.c.ServletWebServerApplicationContext : Root WebApplicationContext: initialization completed in 866 ms
2024-10-25T13:16:59.726+05:00  INFO 5790 --- [jarovnya] [main] o.hibernate.jpa.internal.util.LogHelper  : HHH000204: Processing PersistenceUnitInfo [name: default]
2024-10-25T13:16:59.755+05:00  INFO 5790 --- [jarovnya] [main] org.hibernate.Version                    : HHH000412: Hibernate ORM core version 6.5.3.Final
2024-10-25T13:16:59.771+05:00  INFO 5790 --- [jarovnya] [main] o.h.c.internal.RegionFactoryInitiator    : HHH000026: Second-level cache disabled
2024-10-25T13:16:59.933+05:00  INFO 5790 --- [jarovnya] [main] o.s.o.j.p.SpringPersistenceUnitInfo      : No LoadTimeWeaver setup: ignoring JPA class transformer
2024-10-25T13:17:00.476+05:00  INFO 5790 --- [jarovnya] [main] o.h.e.t.j.p.i.JtaPlatformInitiator       : HHH000489: No JTA platform available (set 'hibernate.transaction.jta.platform' to enable JTA platform integration)
2024-10-25T13:17:00.529+05:00  INFO 5790 --- [jarovnya] [main] j.LocalContainerEntityManagerFactoryBean : Initialized JPA EntityManagerFactory for persistence unit 'default'
2024-10-25T13:17:00.672+05:00  INFO 5790 --- [jarovnya] [main] o.s.d.j.r.query.QueryEnhancerFactory     : Hibernate is in classpath; If applicable, HQL parser will be used.
2024-10-25T13:17:01.073+05:00  WARN 5790 --- [jarovnya] [main] JpaBaseConfiguration$JpaWebConfiguration : spring.jpa.open-in-view is enabled by default. Therefore, database queries may be performed during view rendering. Explicitly configure spring.jpa.open-in-view to disable this warning
2024-10-25T13:17:01.310+05:00  INFO 5790 --- [jarovnya] [main] o.s.b.w.embedded.tomcat.TomcatWebServer  : Tomcat started on port 8080 (http) with context path '/'
2024-10-25T13:17:01.315+05:00  INFO 5790 --- [jarovnya] [main] c.example.jarovnya.JarovnyaApplication   : Started JarovnyaApplication in 3.037 seconds (process running for 3.447)
